<version> 0.0.3 <version>
pid = 5319

 from node0 to node0 = 226 

 from node0 to node1 = 236 

 from node0 to node2 = 302 

 from node0 to node3 = 348 

 from node1 to node0 = 223 

 from node1 to node1 = 195 

 from node1 to node2 = 317 

 from node1 to node3 = 349 

 from node2 to node0 = 297 

 from node2 to node1 = 316 

 from node2 to node2 = 198 

 from node2 to node3 = 208 

 from node3 to node0 = 324 

 from node3 to node1 = 344 

 from node3 to node2 = 217 

 from node3 to node3 = 190 

 do not need update!

第 1 次 采样 

 from node0 to node0 = 226 

 from node0 to node1 = 236 

 from node0 to node2 = 302 

 from node0 to node3 = 348 

 from node1 to node0 = 223 

 from node1 to node1 = 195 

 from node1 to node2 = 317 

 from node1 to node3 = 349 

 from node2 to node0 = 297 

 from node2 to node1 = 316 

 from node2 to node2 = 198 

 from node2 to node3 = 208 

 from node3 to node0 = 324 

 from node3 to node1 = 344 

 from node3 to node2 = 217 

 from node3 to node3 = 190 

 do not need update!

第 2 次 采样 

 from node0 to node0 = 210 

 from node0 to node1 = 225 

 from node0 to node2 = 303 

 from node0 to node3 = 330 

 from node1 to node0 = 231 

 from node1 to node1 = 202 

 from node1 to node2 = 319 

 from node1 to node3 = 352 

 from node2 to node0 = 295 

 from node2 to node1 = 316 

 from node2 to node2 = 196 

 from node2 to node3 = 219 

 from node3 to node0 = 330 

 from node3 to node1 = 343 

 from node3 to node2 = 216 

 from node3 to node3 = 210 

 do not need update!

第 3 次 采样 

 from node0 to node0 = 210 

 from node0 to node1 = 225 

 from node0 to node2 = 303 

 from node0 to node3 = 330 

 from node1 to node0 = 231 

 from node1 to node1 = 202 

 from node1 to node2 = 319 

 from node1 to node3 = 352 

 from node2 to node0 = 295 

 from node2 to node1 = 316 

 from node2 to node2 = 196 

 from node2 to node3 = 219 

 from node3 to node0 = 330 

 from node3 to node1 = 343 

 from node3 to node2 = 216 

 from node3 to node3 = 210 

 do not need update!

第 4 次 采样 

 from node0 to node0 = 222 

 from node0 to node1 = 223 

 from node0 to node2 = 302 

 from node0 to node3 = 327 

 from node1 to node0 = 224 

 from node1 to node1 = 194 

 from node1 to node2 = 311 

 from node1 to node3 = 340 

 from node2 to node0 = 297 

 from node2 to node1 = 314 

 from node2 to node2 = 193 

 from node2 to node3 = 213 

 from node3 to node0 = 322 

 from node3 to node1 = 341 

 from node3 to node2 = 214 

 from node3 to node3 = 200 

 do not need update!

第 5 次 采样 

 from node0 to node0 = 222 

 from node0 to node1 = 223 

 from node0 to node2 = 302 

 from node0 to node3 = 327 

 from node1 to node0 = 224 

 from node1 to node1 = 194 

 from node1 to node2 = 311 

 from node1 to node3 = 340 

 from node2 to node0 = 297 

 from node2 to node1 = 314 

 from node2 to node2 = 193 

 from node2 to node3 = 213 

 from node3 to node0 = 322 

 from node3 to node1 = 341 

 from node3 to node2 = 214 

 from node3 to node3 = 200 

 do not need update!

第 6 次 采样 

 from node0 to node0 = 223 

 from node0 to node1 = 226 

 from node0 to node2 = 303 

 from node0 to node3 = 331 

 from node1 to node0 = 220 

 from node1 to node1 = 191 

 from node1 to node2 = 314 

 from node1 to node3 = 347 

 from node2 to node0 = 297 

 from node2 to node1 = 314 

 from node2 to node2 = 194 

 from node2 to node3 = 212 

 from node3 to node0 = 322 

 from node3 to node1 = 341 

 from node3 to node2 = 214 

 from node3 to node3 = 193 

 do not need update!

第 7 次 采样 

 from node0 to node0 = 223 

 from node0 to node1 = 226 

 from node0 to node2 = 303 

 from node0 to node3 = 331 

 from node1 to node0 = 220 

 from node1 to node1 = 191 

 from node1 to node2 = 314 

 from node1 to node3 = 347 

 from node2 to node0 = 297 

 from node2 to node1 = 314 

 from node2 to node2 = 194 

 from node2 to node3 = 212 

 from node3 to node0 = 322 

 from node3 to node1 = 341 

 from node3 to node2 = 214 

 from node3 to node3 = 193 

 do not need update!

第 8 次 采样 

 from node0 to node0 = 224 

 from node0 to node1 = 222 

 from node0 to node2 = 305 

 from node0 to node3 = 335 

 from node1 to node0 = 221 

 from node1 to node1 = 189 

 from node1 to node2 = 316 

 from node1 to node3 = 347 

 from node2 to node0 = 298 

 from node2 to node1 = 317 

 from node2 to node2 = 193 

 from node2 to node3 = 209 

 from node3 to node0 = 322 

 from node3 to node1 = 342 

 from node3 to node2 = 217 

 from node3 to node3 = 191 

 do not need update!

第 9 次 采样 

 from node0 to node0 = 224 

 from node0 to node1 = 222 

 from node0 to node2 = 305 

 from node0 to node3 = 335 

 from node1 to node0 = 221 

 from node1 to node1 = 189 

 from node1 to node2 = 316 

 from node1 to node3 = 347 

 from node2 to node0 = 298 

 from node2 to node1 = 317 

 from node2 to node2 = 193 

 from node2 to node3 = 209 

 from node3 to node0 = 322 

 from node3 to node1 = 342 

 from node3 to node2 = 217 

 from node3 to node3 = 191 

 do not need update!

第 10 次 采样 

 from node0 to node0 = 227 

 from node0 to node1 = 231 

 from node0 to node2 = 301 

 from node0 to node3 = 341 

 from node1 to node0 = 224 

 from node1 to node1 = 194 

 from node1 to node2 = 314 

 from node1 to node3 = 348 

 from node2 to node0 = 296 

 from node2 to node1 = 315 

 from node2 to node2 = 199 

 from node2 to node3 = 213 

 from node3 to node0 = 322 

 from node3 to node1 = 342 

 from node3 to node2 = 216 

 from node3 to node3 = 196 

 do not need update!

第 11 次 采样 

 from node0 to node0 = 227 

 from node0 to node1 = 231 

 from node0 to node2 = 301 

 from node0 to node3 = 341 

 from node1 to node0 = 224 

 from node1 to node1 = 194 

 from node1 to node2 = 314 

 from node1 to node3 = 348 

 from node2 to node0 = 296 

 from node2 to node1 = 315 

 from node2 to node2 = 199 

 from node2 to node3 = 213 

 from node3 to node0 = 322 

 from node3 to node1 = 342 

 from node3 to node2 = 216 

 from node3 to node3 = 196 

 do not need update!

第 12 次 采样 

 from node0 to node0 = 219 

 from node0 to node1 = 220 

 from node0 to node2 = 300 

 from node0 to node3 = 341 

 from node1 to node0 = 214 

 from node1 to node1 = 191 

 from node1 to node2 = 316 

 from node1 to node3 = 348 

 from node2 to node0 = 264 

 from node2 to node1 = 343 

 from node2 to node2 = 192 

 from node2 to node3 = 208 

 from node3 to node0 = 366 

 from node3 to node1 = 324 

 from node3 to node2 = 211 

 from node3 to node3 = 188 

 do not need update!

第 13 次 采样 

 from node0 to node0 = 219 

 from node0 to node1 = 220 

 from node0 to node2 = 300 

 from node0 to node3 = 341 

 from node1 to node0 = 214 

 from node1 to node1 = 191 

 from node1 to node2 = 316 

 from node1 to node3 = 348 

 from node2 to node0 = 264 

 from node2 to node1 = 343 

 from node2 to node2 = 192 

 from node2 to node3 = 208 

 from node3 to node0 = 366 

 from node3 to node1 = 324 

 from node3 to node2 = 211 

 from node3 to node3 = 188 

 do not need update!

第 14 次 采样 

 from node0 to node0 = 225 

 from node0 to node1 = 230 

 from node0 to node2 = 303 

 from node0 to node3 = 342 

 from node1 to node0 = 223 

 from node1 to node1 = 192 

 from node1 to node2 = 318 

 from node1 to node3 = 350 

 from node2 to node0 = 300 

 from node2 to node1 = 316 

 from node2 to node2 = 198 

 from node2 to node3 = 217 

 from node3 to node0 = 325 

 from node3 to node1 = 342 

 from node3 to node2 = 217 

 from node3 to node3 = 193 

 do not need update!

第 15 次 采样 

 from node0 to node0 = 225 

 from node0 to node1 = 230 

 from node0 to node2 = 303 

 from node0 to node3 = 342 

 from node1 to node0 = 223 

 from node1 to node1 = 192 

 from node1 to node2 = 318 

 from node1 to node3 = 350 

 from node2 to node0 = 300 

 from node2 to node1 = 316 

 from node2 to node2 = 198 

 from node2 to node3 = 217 

 from node3 to node0 = 325 

 from node3 to node1 = 342 

 from node3 to node2 = 217 

 from node3 to node3 = 193 

 do not need update!

第 16 次 采样 

 from node0 to node0 = 230 

 from node0 to node1 = 226 

 from node0 to node2 = 307 

 from node0 to node3 = 341 

 from node1 to node0 = 229 

 from node1 to node1 = 196 

 from node1 to node2 = 320 

 from node1 to node3 = 351 

 from node2 to node0 = 297 

 from node2 to node1 = 312 

 from node2 to node2 = 192 

 from node2 to node3 = 210 

 from node3 to node0 = 324 

 from node3 to node1 = 341 

 from node3 to node2 = 215 

 from node3 to node3 = 196 

 do not need update!

第 17 次 采样 

 from node0 to node0 = 230 

 from node0 to node1 = 226 

 from node0 to node2 = 307 

 from node0 to node3 = 341 

 from node1 to node0 = 229 

 from node1 to node1 = 196 

 from node1 to node2 = 320 

 from node1 to node3 = 351 

 from node2 to node0 = 297 

 from node2 to node1 = 312 

 from node2 to node2 = 192 

 from node2 to node3 = 210 

 from node3 to node0 = 324 

 from node3 to node1 = 341 

 from node3 to node2 = 215 

 from node3 to node3 = 196 

 do not need update!

第 18 次 采样 

 from node0 to node0 = 230 

 from node0 to node1 = 230 

 from node0 to node2 = 303 

 from node0 to node3 = 345 

 from node1 to node0 = 227 

 from node1 to node1 = 194 

 from node1 to node2 = 314 

 from node1 to node3 = 348 

 from node2 to node0 = 297 

 from node2 to node1 = 319 

 from node2 to node2 = 193 

 from node2 to node3 = 210 

 from node3 to node0 = 322 

 from node3 to node1 = 345 

 from node3 to node2 = 218 

 from node3 to node3 = 191 

 do not need update!

第 19 次 采样 

 from node0 to node0 = 230 

 from node0 to node1 = 230 

 from node0 to node2 = 303 

 from node0 to node3 = 345 

 from node1 to node0 = 227 

 from node1 to node1 = 194 

 from node1 to node2 = 314 

 from node1 to node3 = 348 

 from node2 to node0 = 297 

 from node2 to node1 = 319 

 from node2 to node2 = 193 

 from node2 to node3 = 210 

 from node3 to node0 = 322 

 from node3 to node1 = 345 

 from node3 to node2 = 218 

 from node3 to node3 = 191 

 do not need update!

第 20 次 采样 

 from node0 to node0 = 227 

 from node0 to node1 = 239 

 from node0 to node2 = 307 

 from node0 to node3 = 348 

 from node1 to node0 = 226 

 from node1 to node1 = 196 

 from node1 to node2 = 319 

 from node1 to node3 = 348 

 from node2 to node0 = 299 

 from node2 to node1 = 316 

 from node2 to node2 = 197 

 from node2 to node3 = 211 

 from node3 to node0 = 324 

 from node3 to node1 = 343 

 from node3 to node2 = 214 

 from node3 to node3 = 197 

 do not need update!

第 21 次 采样 

 from node0 to node0 = 227 

 from node0 to node1 = 239 

 from node0 to node2 = 307 

 from node0 to node3 = 348 

 from node1 to node0 = 226 

 from node1 to node1 = 196 

 from node1 to node2 = 319 

 from node1 to node3 = 348 

 from node2 to node0 = 299 

 from node2 to node1 = 316 

 from node2 to node2 = 197 

 from node2 to node3 = 211 

 from node3 to node0 = 324 

 from node3 to node1 = 343 

 from node3 to node2 = 214 

 from node3 to node3 = 197 

 do not need update!

第 22 次 采样 

 from node0 to node0 = 225 

 from node0 to node1 = 227 

 from node0 to node2 = 305 

 from node0 to node3 = 343 

 from node1 to node0 = 228 

 from node1 to node1 = 196 

 from node1 to node2 = 320 

 from node1 to node3 = 347 

 from node2 to node0 = 298 

 from node2 to node1 = 317 

 from node2 to node2 = 194 

 from node2 to node3 = 212 

 from node3 to node0 = 323 

 from node3 to node1 = 342 

 from node3 to node2 = 212 

 from node3 to node3 = 191 

 do not need update!

第 23 次 采样 

 from node0 to node0 = 225 

 from node0 to node1 = 227 

 from node0 to node2 = 305 

 from node0 to node3 = 343 

 from node1 to node0 = 228 

 from node1 to node1 = 196 

 from node1 to node2 = 320 

 from node1 to node3 = 347 

 from node2 to node0 = 298 

 from node2 to node1 = 317 

 from node2 to node2 = 194 

 from node2 to node3 = 212 

 from node3 to node0 = 323 

 from node3 to node1 = 342 

 from node3 to node2 = 212 

 from node3 to node3 = 191 

 do not need update!

第 24 次 采样 

 from node0 to node0 = 226 

 from node0 to node1 = 226 

 from node0 to node2 = 305 

 from node0 to node3 = 343 

 from node1 to node0 = 222 

 from node1 to node1 = 194 

 from node1 to node2 = 317 

 from node1 to node3 = 346 

 from node2 to node0 = 297 

 from node2 to node1 = 317 

 from node2 to node2 = 192 

 from node2 to node3 = 210 

 from node3 to node0 = 324 

 from node3 to node1 = 342 

 from node3 to node2 = 219 

 from node3 to node3 = 193 

 do not need update!

第 25 次 采样 

 from node0 to node0 = 226 

 from node0 to node1 = 226 

 from node0 to node2 = 305 

 from node0 to node3 = 343 

 from node1 to node0 = 222 

 from node1 to node1 = 194 

 from node1 to node2 = 317 

 from node1 to node3 = 346 

 from node2 to node0 = 297 

 from node2 to node1 = 317 

 from node2 to node2 = 192 

 from node2 to node3 = 210 

 from node3 to node0 = 324 

 from node3 to node1 = 342 

 from node3 to node2 = 219 

 from node3 to node3 = 193 

 do not need update!

第 26 次 采样 

 from node0 to node0 = 228 

 from node0 to node1 = 230 

 from node0 to node2 = 305 

 from node0 to node3 = 346 

 from node1 to node0 = 225 

 from node1 to node1 = 194 

 from node1 to node2 = 317 

 from node1 to node3 = 351 

 from node2 to node0 = 300 

 from node2 to node1 = 316 

 from node2 to node2 = 194 

 from node2 to node3 = 212 

 from node3 to node0 = 322 

 from node3 to node1 = 343 

 from node3 to node2 = 220 

 from node3 to node3 = 192 

 do not need update!

第 27 次 采样 

 from node0 to node0 = 228 

 from node0 to node1 = 230 

 from node0 to node2 = 305 

 from node0 to node3 = 346 

 from node1 to node0 = 225 

 from node1 to node1 = 194 

 from node1 to node2 = 317 

 from node1 to node3 = 351 

 from node2 to node0 = 300 

 from node2 to node1 = 316 

 from node2 to node2 = 194 

 from node2 to node3 = 212 

 from node3 to node0 = 322 

 from node3 to node1 = 343 

 from node3 to node2 = 220 

 from node3 to node3 = 192 

 do not need update!

第 28 次 采样 

 from node0 to node0 = 227 

 from node0 to node1 = 238 

 from node0 to node2 = 309 

 from node0 to node3 = 348 

 from node1 to node0 = 224 

 from node1 to node1 = 189 

 from node1 to node2 = 318 

 from node1 to node3 = 347 

 from node2 to node0 = 297 

 from node2 to node1 = 316 

 from node2 to node2 = 194 

 from node2 to node3 = 211 

 from node3 to node0 = 324 

 from node3 to node1 = 341 

 from node3 to node2 = 214 

 from node3 to node3 = 197 

 do not need update!

第 29 次 采样 

 from node0 to node0 = 227 

 from node0 to node1 = 238 

 from node0 to node2 = 309 

 from node0 to node3 = 348 

 from node1 to node0 = 224 

 from node1 to node1 = 189 

 from node1 to node2 = 318 

 from node1 to node3 = 347 

 from node2 to node0 = 297 

 from node2 to node1 = 316 

 from node2 to node2 = 194 

 from node2 to node3 = 211 

 from node3 to node0 = 324 

 from node3 to node1 = 341 

 from node3 to node2 = 214 

 from node3 to node3 = 197 

 do not need update!

第 30 次 采样 

 from node0 to node0 = 216 

 from node0 to node1 = 229 

 from node0 to node2 = 310 

 from node0 to node3 = 340 

 from node1 to node0 = 220 

 from node1 to node1 = 192 

 from node1 to node2 = 320 

 from node1 to node3 = 347 

 from node2 to node0 = 299 

 from node2 to node1 = 316 

 from node2 to node2 = 195 

 from node2 to node3 = 211 

 from node3 to node0 = 324 

 from node3 to node1 = 342 

 from node3 to node2 = 212 

 from node3 to node3 = 194 

 do not need update!

第 31 次 采样 

 from node0 to node0 = 216 

 from node0 to node1 = 229 

 from node0 to node2 = 310 

 from node0 to node3 = 340 

 from node1 to node0 = 220 

 from node1 to node1 = 192 

 from node1 to node2 = 320 

 from node1 to node3 = 347 

 from node2 to node0 = 299 

 from node2 to node1 = 316 

 from node2 to node2 = 195 

 from node2 to node3 = 211 

 from node3 to node0 = 324 

 from node3 to node1 = 342 

 from node3 to node2 = 212 

 from node3 to node3 = 194 

 do not need update!

第 32 次 采样 

 from node0 to node0 = 218 

 from node0 to node1 = 228 

 from node0 to node2 = 307 

 from node0 to node3 = 341 

 from node1 to node0 = 217 

 from node1 to node1 = 193 

 from node1 to node2 = 318 

 from node1 to node3 = 347 

 from node2 to node0 = 289 

 from node2 to node1 = 316 

 from node2 to node2 = 195 

 from node2 to node3 = 209 

 from node3 to node0 = 395 

 from node3 to node1 = 327 

 from node3 to node2 = 214 

 from node3 to node3 = 190 

 do not need update!

第 33 次 采样 

 from node0 to node0 = 218 

 from node0 to node1 = 228 

 from node0 to node2 = 307 

 from node0 to node3 = 341 

 from node1 to node0 = 217 

 from node1 to node1 = 193 

 from node1 to node2 = 318 

 from node1 to node3 = 347 

 from node2 to node0 = 289 

 from node2 to node1 = 316 

 from node2 to node2 = 195 

 from node2 to node3 = 209 

 from node3 to node0 = 395 

 from node3 to node1 = 327 

 from node3 to node2 = 214 

 from node3 to node3 = 190 

 do not need update!

第 34 次 采样 

 from node0 to node0 = 222 

 from node0 to node1 = 227 

 from node0 to node2 = 305 

 from node0 to node3 = 347 

 from node1 to node0 = 222 

 from node1 to node1 = 193 

 from node1 to node2 = 318 

 from node1 to node3 = 347 

 from node2 to node0 = 300 

 from node2 to node1 = 316 

 from node2 to node2 = 193 

 from node2 to node3 = 209 

 from node3 to node0 = 324 

 from node3 to node1 = 341 

 from node3 to node2 = 218 

 from node3 to node3 = 188 

 do not need update!

第 35 次 采样 

 from node0 to node0 = 222 

 from node0 to node1 = 227 

 from node0 to node2 = 305 

 from node0 to node3 = 347 

 from node1 to node0 = 222 

 from node1 to node1 = 193 

 from node1 to node2 = 318 

 from node1 to node3 = 347 

 from node2 to node0 = 300 

 from node2 to node1 = 316 

 from node2 to node2 = 193 

 from node2 to node3 = 209 

 from node3 to node0 = 324 

 from node3 to node1 = 341 

 from node3 to node2 = 218 

 from node3 to node3 = 188 

 do not need update!

第 36 次 采样 

 from node0 to node0 = 228 

 from node0 to node1 = 230 

 from node0 to node2 = 309 

 from node0 to node3 = 341 

 from node1 to node0 = 230 

 from node1 to node1 = 197 

 from node1 to node2 = 318 

 from node1 to node3 = 348 

 from node2 to node0 = 297 

 from node2 to node1 = 316 

 from node2 to node2 = 194 

 from node2 to node3 = 216 

 from node3 to node0 = 324 

 from node3 to node1 = 342 

 from node3 to node2 = 217 

 from node3 to node3 = 194 

 do not need update!

第 37 次 采样 

 from node0 to node0 = 228 

 from node0 to node1 = 230 

 from node0 to node2 = 309 

 from node0 to node3 = 341 

 from node1 to node0 = 230 

 from node1 to node1 = 197 

 from node1 to node2 = 318 

 from node1 to node3 = 348 

 from node2 to node0 = 297 

 from node2 to node1 = 316 

 from node2 to node2 = 194 

 from node2 to node3 = 216 

 from node3 to node0 = 324 

 from node3 to node1 = 342 

 from node3 to node2 = 217 

 from node3 to node3 = 194 

 do not need update!

第 38 次 采样 

 from node0 to node0 = 231 

 from node0 to node1 = 222 

 from node0 to node2 = 309 

 from node0 to node3 = 341 

 from node1 to node0 = 224 

 from node1 to node1 = 190 

 from node1 to node2 = 322 

 from node1 to node3 = 345 

 from node2 to node0 = 298 

 from node2 to node1 = 317 

 from node2 to node2 = 200 

 from node2 to node3 = 212 

 from node3 to node0 = 323 

 from node3 to node1 = 343 

 from node3 to node2 = 217 

 from node3 to node3 = 193 

 do not need update!

第 39 次 采样 

 from node0 to node0 = 231 

 from node0 to node1 = 222 

 from node0 to node2 = 309 

 from node0 to node3 = 341 

 from node1 to node0 = 224 

 from node1 to node1 = 190 

 from node1 to node2 = 322 

 from node1 to node3 = 345 

 from node2 to node0 = 298 

 from node2 to node1 = 317 

 from node2 to node2 = 200 

 from node2 to node3 = 212 

 from node3 to node0 = 323 

 from node3 to node1 = 343 

 from node3 to node2 = 217 

 from node3 to node3 = 193 

 do not need update!

第 40 次 采样 

 from node0 to node0 = 230 

 from node0 to node1 = 224 

 from node0 to node2 = 306 

 from node0 to node3 = 345 

 from node1 to node0 = 225 

 from node1 to node1 = 191 

 from node1 to node2 = 318 

 from node1 to node3 = 349 

 from node2 to node0 = 276 

 from node2 to node1 = 340 

 from node2 to node2 = 193 

 from node2 to node3 = 209 

 from node3 to node0 = 327 

 from node3 to node1 = 338 

 from node3 to node2 = 212 

 from node3 to node3 = 190 

 do not need update!

第 41 次 采样 

 from node0 to node0 = 230 

 from node0 to node1 = 224 

 from node0 to node2 = 306 

 from node0 to node3 = 345 

 from node1 to node0 = 225 

 from node1 to node1 = 191 

 from node1 to node2 = 318 

 from node1 to node3 = 349 

 from node2 to node0 = 276 

 from node2 to node1 = 340 

 from node2 to node2 = 193 

 from node2 to node3 = 209 

 from node3 to node0 = 327 

 from node3 to node1 = 338 

 from node3 to node2 = 212 

 from node3 to node3 = 190 

 do not need update!

第 42 次 采样 

 from node0 to node0 = 232 

 from node0 to node1 = 229 

 from node0 to node2 = 310 

 from node0 to node3 = 347 

 from node1 to node0 = 228 

 from node1 to node1 = 190 

 from node1 to node2 = 319 

 from node1 to node3 = 351 

 from node2 to node0 = 297 

 from node2 to node1 = 316 

 from node2 to node2 = 193 

 from node2 to node3 = 213 

 from node3 to node0 = 323 

 from node3 to node1 = 341 

 from node3 to node2 = 213 

 from node3 to node3 = 196 

 do not need update!

第 43 次 采样 

 from node0 to node0 = 232 

 from node0 to node1 = 229 

 from node0 to node2 = 310 

 from node0 to node3 = 347 

 from node1 to node0 = 228 

 from node1 to node1 = 190 

 from node1 to node2 = 319 

 from node1 to node3 = 351 

 from node2 to node0 = 297 

 from node2 to node1 = 316 

 from node2 to node2 = 193 

 from node2 to node3 = 213 

 from node3 to node0 = 323 

 from node3 to node1 = 341 

 from node3 to node2 = 213 

 from node3 to node3 = 196 

 do not need update!

第 44 次 采样 

 from node0 to node0 = 224 

 from node0 to node1 = 228 

 from node0 to node2 = 302 

 from node0 to node3 = 345 

 from node1 to node0 = 222 

 from node1 to node1 = 189 

 from node1 to node2 = 313 

 from node1 to node3 = 350 

 from node2 to node0 = 288 

 from node2 to node1 = 314 

 from node2 to node2 = 199 

 from node2 to node3 = 211 

 from node3 to node0 = 400 

 from node3 to node1 = 327 

 from node3 to node2 = 209 

 from node3 to node3 = 190 

 do not need update!

第 45 次 采样 

 from node0 to node0 = 224 

 from node0 to node1 = 228 

 from node0 to node2 = 302 

 from node0 to node3 = 345 

 from node1 to node0 = 222 

 from node1 to node1 = 189 

 from node1 to node2 = 313 

 from node1 to node3 = 350 

 from node2 to node0 = 288 

 from node2 to node1 = 314 

 from node2 to node2 = 199 

 from node2 to node3 = 211 

 from node3 to node0 = 400 

 from node3 to node1 = 327 

 from node3 to node2 = 209 

 from node3 to node3 = 190 

 do not need update!

第 46 次 采样 

 from node0 to node0 = 232 

 from node0 to node1 = 227 

 from node0 to node2 = 307 

 from node0 to node3 = 350 

 from node1 to node0 = 225 

 from node1 to node1 = 189 

 from node1 to node2 = 319 

 from node1 to node3 = 350 

 from node2 to node0 = 298 

 from node2 to node1 = 315 

 from node2 to node2 = 197 

 from node2 to node3 = 212 

 from node3 to node0 = 324 

 from node3 to node1 = 342 

 from node3 to node2 = 213 

 from node3 to node3 = 196 

 do not need update!

第 47 次 采样 

 from node0 to node0 = 232 

 from node0 to node1 = 227 

 from node0 to node2 = 307 

 from node0 to node3 = 350 

 from node1 to node0 = 225 

 from node1 to node1 = 189 

 from node1 to node2 = 319 

 from node1 to node3 = 350 

 from node2 to node0 = 298 

 from node2 to node1 = 315 

 from node2 to node2 = 197 

 from node2 to node3 = 212 

 from node3 to node0 = 324 

 from node3 to node1 = 342 

 from node3 to node2 = 213 

 from node3 to node3 = 196 

 do not need update!

第 48 次 采样 

 from node0 to node0 = 221 

 from node0 to node1 = 219 

 from node0 to node2 = 299 

 from node0 to node3 = 347 

 from node1 to node0 = 222 

 from node1 to node1 = 188 

 from node1 to node2 = 316 

 from node1 to node3 = 346 

 from node2 to node0 = 267 

 from node2 to node1 = 341 

 from node2 to node2 = 189 

 from node2 to node3 = 207 

 from node3 to node0 = 363 

 from node3 to node1 = 322 

 from node3 to node2 = 213 

 from node3 to node3 = 188 

 do not need update!

第 49 次 采样 

 from node0 to node0 = 221 

 from node0 to node1 = 219 

 from node0 to node2 = 299 

 from node0 to node3 = 347 

 from node1 to node0 = 222 

 from node1 to node1 = 188 

 from node1 to node2 = 316 

 from node1 to node3 = 346 

 from node2 to node0 = 267 

 from node2 to node1 = 341 

 from node2 to node2 = 189 

 from node2 to node3 = 207 

 from node3 to node0 = 363 

 from node3 to node1 = 322 

 from node3 to node2 = 213 

 from node3 to node3 = 188 

 do not need update!

第 50 次 采样 

 from node0 to node0 = 231 

 from node0 to node1 = 222 

 from node0 to node2 = 308 

 from node0 to node3 = 341 

 from node1 to node0 = 230 

 from node1 to node1 = 193 

 from node1 to node2 = 318 

 from node1 to node3 = 347 

 from node2 to node0 = 297 

 from node2 to node1 = 316 

 from node2 to node2 = 198 

 from node2 to node3 = 210 

 from node3 to node0 = 326 

 from node3 to node1 = 342 

 from node3 to node2 = 213 

 from node3 to node3 = 191 

 do not need update!

第 51 次 采样 

 from node0 to node0 = 231 

 from node0 to node1 = 222 

 from node0 to node2 = 308 

 from node0 to node3 = 341 

 from node1 to node0 = 230 

 from node1 to node1 = 193 

 from node1 to node2 = 318 

 from node1 to node3 = 347 

 from node2 to node0 = 297 

 from node2 to node1 = 316 

 from node2 to node2 = 198 

 from node2 to node3 = 210 

 from node3 to node0 = 326 

 from node3 to node1 = 342 

 from node3 to node2 = 213 

 from node3 to node3 = 191 

 do not need update!

第 52 次 采样 

 from node0 to node0 = 230 

 from node0 to node1 = 224 

 from node0 to node2 = 308 

 from node0 to node3 = 342 

 from node1 to node0 = 224 

 from node1 to node1 = 195 

 from node1 to node2 = 319 

 from node1 to node3 = 350 

 from node2 to node0 = 298 

 from node2 to node1 = 315 

 from node2 to node2 = 194 

 from node2 to node3 = 213 

 from node3 to node0 = 323 

 from node3 to node1 = 342 

 from node3 to node2 = 220 

 from node3 to node3 = 196 

 do not need update!

第 53 次 采样 

 from node0 to node0 = 230 

 from node0 to node1 = 224 

 from node0 to node2 = 308 

 from node0 to node3 = 342 

 from node1 to node0 = 224 

 from node1 to node1 = 195 

 from node1 to node2 = 319 

 from node1 to node3 = 350 

 from node2 to node0 = 298 

 from node2 to node1 = 315 

 from node2 to node2 = 194 

 from node2 to node3 = 213 

 from node3 to node0 = 323 

 from node3 to node1 = 342 

 from node3 to node2 = 220 

 from node3 to node3 = 196 

 do not need update!

第 54 次 采样 

 from node0 to node0 = 227 

 from node0 to node1 = 225 

 from node0 to node2 = 308 

 from node0 to node3 = 346 

 from node1 to node0 = 220 

 from node1 to node1 = 192 

 from node1 to node2 = 320 

 from node1 to node3 = 349 

 from node2 to node0 = 296 

 from node2 to node1 = 313 

 from node2 to node2 = 196 

 from node2 to node3 = 212 

 from node3 to node0 = 323 

 from node3 to node1 = 341 

 from node3 to node2 = 214 

 from node3 to node3 = 197 

 do not need update!

第 55 次 采样 

 from node0 to node0 = 227 

 from node0 to node1 = 225 

 from node0 to node2 = 308 

 from node0 to node3 = 346 

 from node1 to node0 = 220 

 from node1 to node1 = 192 

 from node1 to node2 = 320 

 from node1 to node3 = 349 

 from node2 to node0 = 296 

 from node2 to node1 = 313 

 from node2 to node2 = 196 

 from node2 to node3 = 212 

 from node3 to node0 = 323 

 from node3 to node1 = 341 

 from node3 to node2 = 214 

 from node3 to node3 = 197 

 do not need update!

第 56 次 采样 

 from node0 to node0 = 230 

 from node0 to node1 = 223 

 from node0 to node2 = 302 

 from node0 to node3 = 349 

 from node1 to node0 = 224 

 from node1 to node1 = 188 

 from node1 to node2 = 317 

 from node1 to node3 = 351 

 from node2 to node0 = 302 

 from node2 to node1 = 310 

 from node2 to node2 = 194 

 from node2 to node3 = 210 

 from node3 to node0 = 313 

 from node3 to node1 = 441 

 from node3 to node2 = 217 

 from node3 to node3 = 194 

 do not need update!

第 57 次 采样 

 from node0 to node0 = 230 

 from node0 to node1 = 223 

 from node0 to node2 = 302 

 from node0 to node3 = 349 

 from node1 to node0 = 224 

 from node1 to node1 = 188 

 from node1 to node2 = 317 

 from node1 to node3 = 351 

 from node2 to node0 = 302 

 from node2 to node1 = 310 

 from node2 to node2 = 194 

 from node2 to node3 = 210 

 from node3 to node0 = 313 

 from node3 to node1 = 441 

 from node3 to node2 = 217 

 from node3 to node3 = 194 

 do not need update!

第 58 次 采样 

 from node0 to node0 = 230 

 from node0 to node1 = 224 

 from node0 to node2 = 304 

 from node0 to node3 = 343 

 from node1 to node0 = 225 

 from node1 to node1 = 187 

 from node1 to node2 = 317 

 from node1 to node3 = 346 

 from node2 to node0 = 299 

 from node2 to node1 = 316 

 from node2 to node2 = 198 

 from node2 to node3 = 209 

 from node3 to node0 = 324 

 from node3 to node1 = 342 

 from node3 to node2 = 213 

 from node3 to node3 = 190 

 do not need update!

第 59 次 采样 

 from node0 to node0 = 230 

 from node0 to node1 = 224 

 from node0 to node2 = 304 

 from node0 to node3 = 343 

 from node1 to node0 = 225 

 from node1 to node1 = 187 

 from node1 to node2 = 317 

 from node1 to node3 = 346 

 from node2 to node0 = 299 

 from node2 to node1 = 316 

 from node2 to node2 = 198 

 from node2 to node3 = 209 

 from node3 to node0 = 324 

 from node3 to node1 = 342 

 from node3 to node2 = 213 

 from node3 to node3 = 190 

 do not need update!

第 60 次 采样 

 from node0 to node0 = 232 

 from node0 to node1 = 226 

 from node0 to node2 = 303 

 from node0 to node3 = 344 

 from node1 to node0 = 225 

 from node1 to node1 = 189 

 from node1 to node2 = 317 

 from node1 to node3 = 349 

 from node2 to node0 = 297 

 from node2 to node1 = 317 

 from node2 to node2 = 193 

 from node2 to node3 = 213 

 from node3 to node0 = 325 

 from node3 to node1 = 344 

 from node3 to node2 = 215 

 from node3 to node3 = 191 

 do not need update!

第 61 次 采样 

 from node0 to node0 = 232 

 from node0 to node1 = 226 

 from node0 to node2 = 303 

 from node0 to node3 = 344 

 from node1 to node0 = 225 

 from node1 to node1 = 189 

 from node1 to node2 = 317 

 from node1 to node3 = 349 

 from node2 to node0 = 297 

 from node2 to node1 = 317 

 from node2 to node2 = 193 

 from node2 to node3 = 213 

 from node3 to node0 = 325 

 from node3 to node1 = 344 

 from node3 to node2 = 215 

 from node3 to node3 = 191 

 do not need update!

第 62 次 采样 

 from node0 to node0 = 230 

 from node0 to node1 = 226 

 from node0 to node2 = 305 

 from node0 to node3 = 344 

 from node1 to node0 = 229 

 from node1 to node1 = 197 

 from node1 to node2 = 319 

 from node1 to node3 = 349 

 from node2 to node0 = 297 

 from node2 to node1 = 316 

 from node2 to node2 = 195 

 from node2 to node3 = 210 

 from node3 to node0 = 324 

 from node3 to node1 = 344 

 from node3 to node2 = 216 

 from node3 to node3 = 193 

 do not need update!

第 63 次 采样 

 from node0 to node0 = 230 

 from node0 to node1 = 226 

 from node0 to node2 = 305 

 from node0 to node3 = 344 

 from node1 to node0 = 229 

 from node1 to node1 = 197 

 from node1 to node2 = 319 

 from node1 to node3 = 349 

 from node2 to node0 = 297 

 from node2 to node1 = 316 

 from node2 to node2 = 195 

 from node2 to node3 = 210 

 from node3 to node0 = 324 

 from node3 to node1 = 344 

 from node3 to node2 = 216 

 from node3 to node3 = 193 

 do not need update!

第 64 次 采样 

 from node0 to node0 = 228 

 from node0 to node1 = 229 

 from node0 to node2 = 308 

 from node0 to node3 = 347 

 from node1 to node0 = 223 

 from node1 to node1 = 187 

 from node1 to node2 = 321 

 from node1 to node3 = 347 

 from node2 to node0 = 298 

 from node2 to node1 = 316 

 from node2 to node2 = 194 

 from node2 to node3 = 213 

 from node3 to node0 = 324 

 from node3 to node1 = 342 

 from node3 to node2 = 216 

 from node3 to node3 = 197 

 do not need update!

第 65 次 采样 

 from node0 to node0 = 228 

 from node0 to node1 = 229 

 from node0 to node2 = 308 

 from node0 to node3 = 347 

 from node1 to node0 = 223 

 from node1 to node1 = 187 

 from node1 to node2 = 321 

 from node1 to node3 = 347 

 from node2 to node0 = 298 

 from node2 to node1 = 316 

 from node2 to node2 = 194 

 from node2 to node3 = 213 

 from node3 to node0 = 324 

 from node3 to node1 = 342 

 from node3 to node2 = 216 

 from node3 to node3 = 197 

 do not need update!

第 66 次 采样 

 from node0 to node0 = 228 

 from node0 to node1 = 231 

 from node0 to node2 = 308 

 from node0 to node3 = 343 

 from node1 to node0 = 225 

 from node1 to node1 = 193 

 from node1 to node2 = 320 

 from node1 to node3 = 351 

 from node2 to node0 = 297 

 from node2 to node1 = 314 

 from node2 to node2 = 193 

 from node2 to node3 = 213 

 from node3 to node0 = 324 

 from node3 to node1 = 341 

 from node3 to node2 = 216 

 from node3 to node3 = 195 

 do not need update!

第 67 次 采样 

 from node0 to node0 = 228 

 from node0 to node1 = 231 

 from node0 to node2 = 308 

 from node0 to node3 = 343 

 from node1 to node0 = 225 

 from node1 to node1 = 193 

 from node1 to node2 = 320 

 from node1 to node3 = 351 

 from node2 to node0 = 297 

 from node2 to node1 = 314 

 from node2 to node2 = 193 

 from node2 to node3 = 213 

 from node3 to node0 = 324 

 from node3 to node1 = 341 

 from node3 to node2 = 216 

 from node3 to node3 = 195 

 do not need update!

第 68 次 采样 

 from node0 to node0 = 229 

 from node0 to node1 = 232 

 from node0 to node2 = 306 

 from node0 to node3 = 344 

 from node1 to node0 = 225 

 from node1 to node1 = 194 

 from node1 to node2 = 318 

 from node1 to node3 = 349 

 from node2 to node0 = 299 

 from node2 to node1 = 317 

 from node2 to node2 = 192 

 from node2 to node3 = 210 

 from node3 to node0 = 323 

 from node3 to node1 = 343 

 from node3 to node2 = 214 

 from node3 to node3 = 191 

 do not need update!

第 69 次 采样 

 from node0 to node0 = 229 

 from node0 to node1 = 232 

 from node0 to node2 = 306 

 from node0 to node3 = 344 

 from node1 to node0 = 225 

 from node1 to node1 = 194 

 from node1 to node2 = 318 

 from node1 to node3 = 349 

 from node2 to node0 = 299 

 from node2 to node1 = 317 

 from node2 to node2 = 192 

 from node2 to node3 = 210 

 from node3 to node0 = 323 

 from node3 to node1 = 343 

 from node3 to node2 = 214 

 from node3 to node3 = 191 

 do not need update!

第 70 次 采样 

 from node0 to node0 = 228 

 from node0 to node1 = 235 

 from node0 to node2 = 308 

 from node0 to node3 = 342 

 from node1 to node0 = 227 

 from node1 to node1 = 196 

 from node1 to node2 = 317 

 from node1 to node3 = 350 

 from node2 to node0 = 298 

 from node2 to node1 = 315 

 from node2 to node2 = 193 

 from node2 to node3 = 211 

 from node3 to node0 = 323 

 from node3 to node1 = 343 

 from node3 to node2 = 219 

 from node3 to node3 = 194 

 do not need update!

第 71 次 采样 

 from node0 to node0 = 228 

 from node0 to node1 = 235 

 from node0 to node2 = 308 

 from node0 to node3 = 342 

 from node1 to node0 = 227 

 from node1 to node1 = 196 

 from node1 to node2 = 317 

 from node1 to node3 = 350 

 from node2 to node0 = 298 

 from node2 to node1 = 315 

 from node2 to node2 = 193 

 from node2 to node3 = 211 

 from node3 to node0 = 323 

 from node3 to node1 = 343 

 from node3 to node2 = 219 

 from node3 to node3 = 194 

 do not need update!

第 72 次 采样 

 from node0 to node0 = 231 

 from node0 to node1 = 234 

 from node0 to node2 = 308 

 from node0 to node3 = 340 

 from node1 to node0 = 229 

 from node1 to node1 = 195 

 from node1 to node2 = 319 

 from node1 to node3 = 349 

 from node2 to node0 = 297 

 from node2 to node1 = 316 

 from node2 to node2 = 196 

 from node2 to node3 = 212 

 from node3 to node0 = 324 

 from node3 to node1 = 344 

 from node3 to node2 = 218 

 from node3 to node3 = 194 

 do not need update!

第 73 次 采样 

 from node0 to node0 = 231 

 from node0 to node1 = 234 

 from node0 to node2 = 308 

 from node0 to node3 = 340 

 from node1 to node0 = 229 

 from node1 to node1 = 195 

 from node1 to node2 = 319 

 from node1 to node3 = 349 

 from node2 to node0 = 297 

 from node2 to node1 = 316 

 from node2 to node2 = 196 

 from node2 to node3 = 212 

 from node3 to node0 = 324 

 from node3 to node1 = 344 

 from node3 to node2 = 218 

 from node3 to node3 = 194 

 do not need update!

第 74 次 采样 

 from node0 to node0 = 228 

 from node0 to node1 = 226 

 from node0 to node2 = 301 

 from node0 to node3 = 343 

 from node1 to node0 = 227 

 from node1 to node1 = 192 

 from node1 to node2 = 317 

 from node1 to node3 = 351 

 from node2 to node0 = 273 

 from node2 to node1 = 340 

 from node2 to node2 = 190 

 from node2 to node3 = 209 

 from node3 to node0 = 325 

 from node3 to node1 = 339 

 from node3 to node2 = 215 

 from node3 to node3 = 194 

 do not need update!

第 75 次 采样 

 from node0 to node0 = 228 

 from node0 to node1 = 226 

 from node0 to node2 = 301 

 from node0 to node3 = 343 

 from node1 to node0 = 227 

 from node1 to node1 = 192 

 from node1 to node2 = 317 

 from node1 to node3 = 351 

 from node2 to node0 = 273 

 from node2 to node1 = 340 

 from node2 to node2 = 190 

 from node2 to node3 = 209 

 from node3 to node0 = 325 

 from node3 to node1 = 339 

 from node3 to node2 = 215 

 from node3 to node3 = 194 

 do not need update!

第 76 次 采样 

 from node0 to node0 = 229 

 from node0 to node1 = 232 

 from node0 to node2 = 308 

 from node0 to node3 = 344 

 from node1 to node0 = 227 

 from node1 to node1 = 190 

 from node1 to node2 = 319 

 from node1 to node3 = 350 

 from node2 to node0 = 299 

 from node2 to node1 = 315 

 from node2 to node2 = 193 

 from node2 to node3 = 212 

 from node3 to node0 = 323 

 from node3 to node1 = 341 

 from node3 to node2 = 214 

 from node3 to node3 = 193 

 do not need update!

第 77 次 采样 
