<version> 0.0.3 <version>
pid = 11041


第 1 次 采样 
last 10 s :



dTlb_miss_rate = 0.003287    : 1092457 - 332344822

iTlb_miss_rate = 0.000051    : 5356 - 104848455

Memory_controller_imbalance = 0.028293 

LRR = 0.292056 

interconnect_imbalance = 0.226748 

MAPTU = 14.216756 

mem_access_latency = 45.139085 

l3MPKI = 29.852478 

remote_access_rate = 0.053803 

bus_access = 47238695.000000 

mem_access = 142167558 

mem_access = 142167558 

MAPTU_mc = 1750.322953 

node0 mem_access = 4586861796 

node1 mem_access = 4309066218 

node2 mem_access = 4272831268 

node3 mem_access = 4334470248 

满足开启页表复制的单次采样 0 次； 占 总采样次数的百分比 ： 0.000000 %

+++++++++++++++++++++++++++++++++++++++++++++++++++++++++++++++++++++++++++++


第 2 次 采样 
last 10 s :



dTlb_miss_rate = 0.007164    : 1004535 - 140227864

iTlb_miss_rate = 0.000038    : 2278 - 59960296

Memory_controller_imbalance = 0.023176 

LRR = 0.291023 

interconnect_imbalance = 0.223490 

MAPTU = 5.058068 

mem_access_latency = 125.907075 

l3MPKI = 49.578388 

remote_access_rate = 0.155359 

bus_access = 23403930.000000 

mem_access = 50580676 

mem_access = 192748234 

MAPTU_mc = 1863.170732 

node0 mem_access = 4841682608 

node1 mem_access = 4566852532 

node2 mem_access = 4600231058 

node3 mem_access = 4622941120 

满足开启页表复制的单次采样 0 次； 占 总采样次数的百分比 ： 0.000000 %

+++++++++++++++++++++++++++++++++++++++++++++++++++++++++++++++++++++++++++++
