<version> 0.0.3 <version>
pid = 9630


第 1 次 采样 
last 10 s :



dTlb_miss_rate = 0.003231    : 1056032 - 326848120

iTlb_miss_rate = 0.000028    : 2742 - 96419501

Memory_controller_imbalance = 0.020404 

LRR = 0.290741 

interconnect_imbalance = 0.224124 

MAPTU = 12.686215 

mem_access_latency = 50.028913 

l3MPKI = 29.150794 

remote_access_rate = 0.058030 

bus_access = 43148329.000000 

mem_access = 126862146 

mem_access = 126862146 

MAPTU_mc = 1741.165904 

node0 mem_access = 4326068220 

node1 mem_access = 4501020620 

node2 mem_access = 4264490022 

node3 mem_access = 4320080180 

满足开启页表复制的单次采样 0 次； 占 总采样次数的百分比 ： 0.000000 %

+++++++++++++++++++++++++++++++++++++++++++++++++++++++++++++++++++++++++++++


第 2 次 采样 
last 10 s :



dTlb_miss_rate = 0.008310    : 1022627 - 123055155

iTlb_miss_rate = 0.000096    : 3557 - 37190380

Memory_controller_imbalance = 0.019582 

LRR = 0.288200 

interconnect_imbalance = 0.221183 

MAPTU = 4.375229 

mem_access_latency = 147.272584 

l3MPKI = 54.109648 

remote_access_rate = 0.177360 

bus_access = 22764961.000000 

mem_access = 43752285 

mem_access = 170614431 

MAPTU_mc = 1869.000034 

node0 mem_access = 4628760502 

node1 mem_access = 4830210738 

node2 mem_access = 4605356690 

node3 mem_access = 4625672412 

满足开启页表复制的单次采样 0 次； 占 总采样次数的百分比 ： 0.000000 %

+++++++++++++++++++++++++++++++++++++++++++++++++++++++++++++++++++++++++++++
